<?xml version="1.0" encoding="UTF-8"?>
<coverage generated="1775502729000" clover="3.2.0">
  <project timestamp="1775502729000" name="All files">
    <metrics statements="45" coveredstatements="39" conditionals="31" coveredconditionals="28" methods="17" coveredmethods="15" elements="93" coveredelements="82" complexity="0" loc="45" ncloc="45" packages="3" files="3" classes="3"/>
    <package name="domain.validation">
      <metrics statements="7" coveredstatements="7" conditionals="8" coveredconditionals="8" methods="4" coveredmethods="4"/>
      <file name="taskValidation.ts" path="/home/santiaven/weekly-task-manager/src/domain/validation/taskValidation.ts">
        <metrics statements="7" coveredstatements="7" conditionals="8" coveredconditionals="8" methods="4" coveredmethods="4"/>
        <line num="6" count="5" type="stmt"/>
        <line num="7" count="5" type="cond" truecount="2" falsecount="0"/>
        <line num="8" count="3" type="stmt"/>
        <line num="10" count="5" type="stmt"/>
        <line num="14" count="2" type="stmt"/>
        <line num="18" count="9" type="cond" truecount="6" falsecount="0"/>
        <line num="23" count="4" type="stmt"/>
      </file>
    </package>
    <package name="infrastructure.supabase.mappers">
      <metrics statements="12" coveredstatements="12" conditionals="16" coveredconditionals="15" methods="3" coveredmethods="3"/>
      <file name="taskMapper.ts" path="/home/santiaven/weekly-task-manager/src/infrastructure/supabase/mappers/taskMapper.ts">
        <metrics statements="12" coveredstatements="12" conditionals="16" coveredconditionals="15" methods="3" coveredmethods="3"/>
        <line num="19" count="1" type="stmt"/>
        <line num="22" count="2" type="stmt"/>
        <line num="43" count="2" type="stmt"/>
        <line num="55" count="6" type="stmt"/>
        <line num="57" count="6" type="cond" truecount="2" falsecount="0"/>
        <line num="58" count="6" type="cond" truecount="1" falsecount="1"/>
        <line num="59" count="6" type="cond" truecount="2" falsecount="0"/>
        <line num="60" count="6" type="cond" truecount="2" falsecount="0"/>
        <line num="61" count="6" type="cond" truecount="2" falsecount="0"/>
        <line num="62" count="2" type="stmt"/>
        <line num="63" count="2" type="cond" truecount="2" falsecount="0"/>
        <line num="66" count="6" type="stmt"/>
      </file>
    </package>
    <package name="shared.utils">
      <metrics statements="26" coveredstatements="20" conditionals="7" coveredconditionals="5" methods="10" coveredmethods="8"/>
      <file name="dates.ts" path="/home/santiaven/weekly-task-manager/src/shared/utils/dates.ts">
        <metrics statements="26" coveredstatements="20" conditionals="7" coveredconditionals="5" methods="10" coveredmethods="8"/>
        <line num="13" count="1" type="stmt"/>
        <line num="16" count="3" type="stmt"/>
        <line num="20" count="1" type="stmt"/>
        <line num="24" count="1" type="stmt"/>
        <line num="25" count="1" type="stmt"/>
        <line num="29" count="1" type="stmt"/>
        <line num="30" count="1" type="stmt"/>
        <line num="34" count="2" type="stmt"/>
        <line num="35" count="2" type="stmt"/>
        <line num="37" count="2" type="stmt"/>
        <line num="38" count="2" type="stmt"/>
        <line num="40" count="2" type="cond" truecount="2" falsecount="0"/>
        <line num="41" count="1" type="stmt"/>
        <line num="43" count="1" type="stmt"/>
        <line num="47" count="5" type="stmt"/>
        <line num="49" count="5" type="stmt"/>
        <line num="53" count="0" type="stmt"/>
        <line num="54" count="0" type="stmt"/>
        <line num="58" count="0" type="stmt"/>
        <line num="59" count="0" type="stmt"/>
        <line num="60" count="0" type="stmt"/>
        <line num="61" count="0" type="stmt"/>
        <line num="65" count="5" type="cond" truecount="2" falsecount="0"/>
        <line num="68" count="5" type="stmt"/>
        <line num="72" count="2" type="stmt"/>
        <line num="73" count="2" type="stmt"/>
      </file>
    </package>
  </project>
</coverage>
