TN:
SF:src/domain/validation/taskValidation.ts
FN:5,validateTask
FN:13,isTaskValid
FN:17,isValidTime
FN:22,formatTime
FNF:4
FNH:4
FNDA:5,validateTask
FNDA:2,isTaskValid
FNDA:9,isValidTime
FNDA:4,formatTime
DA:6,5
DA:7,5
DA:8,3
DA:10,5
DA:14,2
DA:18,9
DA:23,4
LF:7
LH:7
BRDA:7,0,0,3
BRDA:7,0,1,2
BRDA:18,1,0,9
BRDA:18,1,1,8
BRDA:18,1,2,7
BRDA:18,1,3,6
BRDA:18,1,4,5
BRDA:18,1,5,4
BRF:8
BRH:8
end_of_record
TN:
SF:src/infrastructure/supabase/mappers/taskMapper.ts
FN:21,(anonymous_0)
FN:39,(anonymous_1)
FN:54,(anonymous_2)
FNF:3
FNH:3
FNDA:2,(anonymous_0)
FNDA:2,(anonymous_1)
FNDA:6,(anonymous_2)
DA:19,1
DA:22,2
DA:43,2
DA:55,6
DA:57,6
DA:58,6
DA:59,6
DA:60,6
DA:61,6
DA:62,2
DA:63,2
DA:66,6
LF:12
LH:12
BRDA:46,0,0,2
BRDA:46,0,1,1
BRDA:49,1,0,2
BRDA:49,1,1,1
BRDA:57,2,0,1
BRDA:57,2,1,5
BRDA:58,3,0,0
BRDA:58,3,1,6
BRDA:59,4,0,1
BRDA:59,4,1,5
BRDA:60,5,0,2
BRDA:60,5,1,4
BRDA:61,6,0,2
BRDA:61,6,1,4
BRDA:63,7,0,1
BRDA:63,7,1,1
BRF:16
BRH:15
end_of_record
TN:
SF:src/shared/utils/dates.ts
FN:15,getWeekStartDate
FN:19,getWeekEndDate
FN:23,getPreviousWeekStart
FN:28,getNextWeekStart
FN:33,formatWeekRange
FN:46,getDayDate
FN:52,isToday
FN:57,getTodayDayOfWeek
FN:64,getDayName
FN:71,formatDayDate
FNF:10
FNH:8
FNDA:3,getWeekStartDate
FNDA:1,getWeekEndDate
FNDA:1,getPreviousWeekStart
FNDA:1,getNextWeekStart
FNDA:2,formatWeekRange
FNDA:5,getDayDate
FNDA:0,isToday
FNDA:0,getTodayDayOfWeek
FNDA:5,getDayName
FNDA:2,formatDayDate
DA:13,1
DA:16,3
DA:20,1
DA:24,1
DA:25,1
DA:29,1
DA:30,1
DA:34,2
DA:35,2
DA:37,2
DA:38,2
DA:40,2
DA:41,1
DA:43,1
DA:47,5
DA:49,5
DA:53,0
DA:54,0
DA:58,0
DA:59,0
DA:60,0
DA:61,0
DA:65,5
DA:68,5
DA:72,2
DA:73,2
LF:26
LH:20
BRDA:15,0,0,0
BRDA:19,1,0,0
BRDA:40,2,0,1
BRDA:40,2,1,1
BRDA:64,3,0,3
BRDA:65,4,0,3
BRDA:65,4,1,2
BRF:7
BRH:5
end_of_record
